<?xml version="1.0" encoding="UTF-8"?>
<!-- Generated by org.testng.reporters.JUnitXMLReporter -->
<testsuite ignored="0" hostname="Prem" failures="0" tests="3" name="BasicPageValidation" time="24.589" errors="0" timestamp="2025-10-08T09:39:23 IST">
  <testcase classname="com.framework.tests.UI.HomePageTest" name="HomePageBannerTextValidation" time="0.284"/>
  <testcase classname="com.framework.tests.UI.ServiceTest" name="ServicePageValidation" time="0.608"/>
  <testcase classname="com.framework.tests.UI.ContactusTest" name="FormSubmission" time="14.948"/>
</testsuite> <!-- BasicPageValidation -->
