<?xml version="1.0" encoding="UTF-8"?>
<!-- Generated by org.testng.reporters.JUnitXMLReporter -->
<testsuite ignored="0" hostname="Prem" failures="0" tests="3" name="BasicPageValidation" time="21.904" errors="0" timestamp="2025-10-05T19:10:24 IST">
  <testcase classname="com.framework.tests.UI.HomePageTest" name="HomePageBannerTextValidation" time="0.362"/>
  <testcase classname="com.framework.tests.UI.ServiceTest" name="ServicePageValidation" time="0.846"/>
  <testcase classname="com.framework.tests.UI.ContactusTest" name="FormSubmission" time="10.918"/>
</testsuite> <!-- BasicPageValidation -->
