<?xml version="1.0" encoding="UTF-8"?>
<!-- Generated by org.testng.reporters.JUnitXMLReporter -->
<testsuite ignored="0" hostname="EC2AMAZ-SUSA003" failures="0" tests="5" name="Default test" time="75.039" errors="0" timestamp="2025-10-08T05:51:26 UTC">
  <testcase classname="com.framework.tests.API.ApiTest" name="CreatePostUser" time="4.323"/>
  <testcase classname="com.framework.tests.API.ApiTest" name="GetUsers" time="0.386"/>
  <testcase classname="com.framework.tests.UI.HomePageTest" name="HomePageBannerTextValidation" time="1.335"/>
  <testcase classname="com.framework.tests.UI.ContactusTest" name="FormSubmission" time="18.172"/>
  <testcase classname="com.framework.tests.UI.ServiceTest" name="ServicePageValidation" time="14.8"/>
</testsuite> <!-- Default test -->
