<?xml version="1.0" encoding="UTF-8"?>
<!-- Generated by org.testng.reporters.JUnitXMLReporter -->
<testsuite ignored="0" hostname="EC2AMAZ-SUSA003" failures="1" tests="6" name="BasicValidation" time="32.074" errors="0" timestamp="2025-11-02T19:01:36 UTC">
  <testcase classname="com.framework.tests.API.ApiTest" name="CreatePostUser" time="3.207">
    <failure type="java.lang.AssertionError" message="expected [foos] but found [foo]">
      <![CDATA[java.lang.AssertionError: expected [foos] but found [foo]
at com.framework.tests.API.ApiTest.CreatePostUser(ApiTest.java:22)
at java.base/java.util.ArrayList.forEach(ArrayList.java:1596)
at java.base/java.util.concurrent.FutureTask.run(FutureTask.java:317)
at java.base/java.util.concurrent.ThreadPoolExecutor.runWorker(ThreadPoolExecutor.java:1144)
at java.base/java.util.concurrent.ThreadPoolExecutor$Worker.run(ThreadPoolExecutor.java:642)
at java.base/java.lang.Thread.run(Thread.java:1583)
... Removed 21 stack frames]]>
    </failure>
  </testcase> <!-- CreatePostUser -->
  <testcase classname="com.framework.tests.API.ApiTest" name="GetUsers" time="0.232"/>
  <testcase classname="com.framework.tests.API.ApiTest" name="Users" time="0.008">
    <skipped/>
  </testcase> <!-- Users -->
  <testcase classname="com.framework.tests.UI.HomePageTest" name="HomePageBannerTextValidation" time="0.253"/>
  <testcase classname="com.framework.tests.UI.ServiceTest" name="ServicePageValidation" time="0.892"/>
  <testcase classname="com.framework.tests.UI.ContactusTest" name="FormSubmission" time="17.426"/>
</testsuite> <!-- BasicValidation -->
