<?xml version="1.0" encoding="UTF-8"?>
<testng-results ignored="0" total="5" passed="5" failed="0" skipped="0">
  <reporter-output>
  </reporter-output>
  <suite started-at="2025-10-05T10:08:23 IST" name="RegressionSuite" finished-at="2025-10-05T10:08:49 IST" duration-ms="25854">
    <groups>
    </groups>
    <test started-at="2025-10-05T10:08:23 IST" name="API Validation" finished-at="2025-10-05T10:08:27 IST" duration-ms="4317">
      <class name="com.framework.tests.API.ApiTest">
        <test-method is-config="true" signature="setupApi()[pri:0, instance:com.framework.tests.API.ApiTest@79d8407f]" started-at="2025-10-05T10:08:23 IST" name="setupApi" finished-at="2025-10-05T10:08:24 IST" duration-ms="587" status="PASS">
          <reporter-output>
          </reporter-output>
        </test-method> <!-- setupApi -->
        <test-method signature="testCreatePost()[pri:0, instance:com.framework.tests.API.ApiTest@79d8407f]" started-at="2025-10-05T10:08:24 IST" name="testCreatePost" finished-at="2025-10-05T10:08:26 IST" duration-ms="2336" status="PASS">
          <reporter-output>
          </reporter-output>
        </test-method> <!-- testCreatePost -->
        <test-method signature="testGetUsers()[pri:0, instance:com.framework.tests.API.ApiTest@79d8407f]" started-at="2025-10-05T10:08:26 IST" name="testGetUsers" finished-at="2025-10-05T10:08:27 IST" duration-ms="1368" status="PASS">
          <reporter-output>
          </reporter-output>
        </test-method> <!-- testGetUsers -->
      </class> <!-- com.framework.tests.API.ApiTest -->
    </test> <!-- API Validation -->
    <test started-at="2025-10-05T10:08:23 IST" name="BasicPageValidation" finished-at="2025-10-05T10:08:49 IST" duration-ms="25854">
      <class name="com.framework.tests.UI.ContactusTest">
        <test-method is-config="true" signature="setUp(java.lang.String)[pri:0, instance:com.framework.tests.UI.ContactusTest@557caf28]" started-at="2025-10-05T10:08:34 IST" name="setUp" finished-at="2025-10-05T10:08:37 IST" duration-ms="2652" status="PASS">
          <params>
            <param index="0">
              <value>
                <![CDATA[chrome]]>
              </value>
            </param>
          </params>
          <reporter-output>
          </reporter-output>
        </test-method> <!-- setUp -->
        <test-method signature="FormSubmission()[pri:3, instance:com.framework.tests.UI.ContactusTest@557caf28]" started-at="2025-10-05T10:08:37 IST" name="FormSubmission" finished-at="2025-10-05T10:08:49 IST" duration-ms="11687" status="PASS">
          <reporter-output>
          </reporter-output>
        </test-method> <!-- FormSubmission -->
        <test-method is-config="true" signature="tearDown()[pri:0, instance:com.framework.tests.UI.ContactusTest@557caf28]" started-at="2025-10-05T10:08:49 IST" name="tearDown" finished-at="2025-10-05T10:08:49 IST" duration-ms="174" status="PASS">
          <reporter-output>
          </reporter-output>
        </test-method> <!-- tearDown -->
      </class> <!-- com.framework.tests.UI.ContactusTest -->
      <class name="com.framework.tests.UI.HomePageTest">
        <test-method is-config="true" signature="setUp(java.lang.String)[pri:0, instance:com.framework.tests.UI.HomePageTest@f5958c9]" started-at="2025-10-05T10:08:23 IST" name="setUp" finished-at="2025-10-05T10:08:29 IST" duration-ms="6165" status="PASS">
          <params>
            <param index="0">
              <value>
                <![CDATA[chrome]]>
              </value>
            </param>
          </params>
          <reporter-output>
          </reporter-output>
        </test-method> <!-- setUp -->
        <test-method signature="NegativeSubscribeValidaion()[pri:1, instance:com.framework.tests.UI.HomePageTest@f5958c9]" started-at="2025-10-05T10:08:29 IST" name="NegativeSubscribeValidaion" finished-at="2025-10-05T10:08:30 IST" duration-ms="966" status="PASS">
          <reporter-output>
          </reporter-output>
        </test-method> <!-- NegativeSubscribeValidaion -->
        <test-method is-config="true" signature="tearDown()[pri:0, instance:com.framework.tests.UI.HomePageTest@f5958c9]" started-at="2025-10-05T10:08:30 IST" name="tearDown" finished-at="2025-10-05T10:08:30 IST" duration-ms="163" status="PASS">
          <reporter-output>
          </reporter-output>
        </test-method> <!-- tearDown -->
      </class> <!-- com.framework.tests.UI.HomePageTest -->
      <class name="com.framework.tests.UI.ServiceTest">
        <test-method is-config="true" signature="setUp(java.lang.String)[pri:0, instance:com.framework.tests.UI.ServiceTest@233795b6]" started-at="2025-10-05T10:08:30 IST" name="setUp" finished-at="2025-10-05T10:08:34 IST" duration-ms="3443" status="PASS">
          <params>
            <param index="0">
              <value>
                <![CDATA[chrome]]>
              </value>
            </param>
          </params>
          <reporter-output>
          </reporter-output>
        </test-method> <!-- setUp -->
        <test-method signature="ServicePageValidation()[pri:2, instance:com.framework.tests.UI.ServiceTest@233795b6]" started-at="2025-10-05T10:08:34 IST" name="ServicePageValidation" finished-at="2025-10-05T10:08:34 IST" duration-ms="102" status="PASS">
          <reporter-output>
          </reporter-output>
        </test-method> <!-- ServicePageValidation -->
        <test-method is-config="true" signature="tearDown()[pri:0, instance:com.framework.tests.UI.ServiceTest@233795b6]" started-at="2025-10-05T10:08:34 IST" name="tearDown" finished-at="2025-10-05T10:08:34 IST" duration-ms="139" status="PASS">
          <reporter-output>
          </reporter-output>
        </test-method> <!-- tearDown -->
      </class> <!-- com.framework.tests.UI.ServiceTest -->
    </test> <!-- BasicPageValidation -->
  </suite> <!-- RegressionSuite -->
</testng-results>
