<?xml version="1.0" encoding="UTF-8"?>
<!-- Generated by org.testng.reporters.JUnitXMLReporter -->
<testsuite ignored="0" hostname="EC2AMAZ-SUSA003" failures="0" tests="3" name="API Validation" time="6.099" errors="0" timestamp="2025-11-03T14:29:25 UTC">
  <testcase classname="com.framework.tests.API.POMAllureReport" name="CreatePostUser" time="3.609"/>
  <testcase classname="com.framework.tests.API.POMAllureReport" name="GetUsers" time="0.188"/>
  <testcase classname="com.framework.tests.API.POMAllureReport" name="Users" time="0.013">
    <skipped/>
  </testcase> <!-- Users -->
</testsuite> <!-- API Validation -->
